<?xml version="1.0" encoding="UTF-8"?>
<testng-results ignored="0" total="1" passed="1" failed="0" skipped="0">
  <reporter-output>
  </reporter-output>
  <suite started-at="2024-12-14T23:12:27 IST" name="Default suite" finished-at="2024-12-14T23:12:53 IST" duration-ms="26630">
    <groups>
    </groups>
    <test started-at="2024-12-14T23:12:27 IST" name="Default test" finished-at="2024-12-14T23:12:53 IST" duration-ms="26630">
      <class name="cart_gstoreTest.addToCart_gstoreTest">
        <test-method is-config="true" signature="beforeSuite()[pri:0, instance:cart_gstoreTest.addToCart_gstoreTest@353352b6]" started-at="2024-12-14T23:12:25 IST" name="beforeSuite" finished-at="2024-12-14T23:12:27 IST" duration-ms="2145" status="PASS">
          <reporter-output>
          </reporter-output>
        </test-method> <!-- beforeSuite -->
        <test-method is-config="true" signature="beforeclass()[pri:0, instance:cart_gstoreTest.addToCart_gstoreTest@353352b6]" started-at="2024-12-14T23:12:27 IST" name="beforeclass" finished-at="2024-12-14T23:12:35 IST" duration-ms="8102" status="PASS">
          <reporter-output>
          </reporter-output>
        </test-method> <!-- beforeclass -->
        <test-method signature="addToCart()[pri:0, instance:cart_gstoreTest.addToCart_gstoreTest@353352b6]" started-at="2024-12-14T23:12:35 IST" name="addToCart" finished-at="2024-12-14T23:12:53 IST" duration-ms="18038" status="PASS">
          <reporter-output>
          </reporter-output>
        </test-method> <!-- addToCart -->
        <test-method is-config="true" signature="afterclass()[pri:0, instance:cart_gstoreTest.addToCart_gstoreTest@353352b6]" started-at="2024-12-14T23:12:53 IST" name="afterclass" finished-at="2024-12-14T23:12:53 IST" duration-ms="461" status="PASS">
          <reporter-output>
          </reporter-output>
        </test-method> <!-- afterclass -->
        <test-method is-config="true" signature="aftersuite()[pri:0, instance:cart_gstoreTest.addToCart_gstoreTest@353352b6]" started-at="2024-12-14T23:12:54 IST" name="aftersuite" finished-at="2024-12-14T23:12:54 IST" duration-ms="56" status="PASS">
          <reporter-output>
          </reporter-output>
        </test-method> <!-- aftersuite -->
      </class> <!-- cart_gstoreTest.addToCart_gstoreTest -->
    </test> <!-- Default test -->
  </suite> <!-- Default suite -->
</testng-results>
